# JRE version: OpenJDK Runtime Environment (11.0.8+10) (build 11.0.8+10-b944.6842174)
# Java VM: OpenJDK 64-Bit Server VM (11.0.8+10-b944.6842174, mixed mode, tiered, compressed oops, g1 gc, windows-amd64)
Heap:
 garbage-first heap   total 189440K, used 128467K [0x0000000080000000, 0x0000000100000000)
  region size 1024K, 45 young (46080K), 6 survivors (6144K)
 Metaspace       used 84640K, capacity 86739K, committed 86912K, reserved 1124352K
  class space    used 10624K, capacity 11340K, committed 11392K, reserved 1048576K
GC Heap History (20 events):
Event: 21.210 GC heap before
{Heap before GC invocations=50 (full 0):
 garbage-first heap   total 121856K, used 86199K [0x0000000080000000, 0x0000000100000000)
  region size 1024K, 36 young (36864K), 4 survivors (4096K)
 Metaspace       used 75042K, capacity 76959K, committed 77184K, reserved 1116160K
  class space    used 9843K, capacity 10564K, committed 10624K, reserved 1048576K
}
Event: 21.220 GC heap after
{Heap after GC invocations=51 (full 0):
 garbage-first heap   total 121856K, used 56323K [0x0000000080000000, 0x0000000100000000)
  region size 1024K, 4 young (4096K), 4 survivors (4096K)
 Metaspace       used 75042K, capacity 76959K, committed 77184K, reserved 1116160K
  class space    used 9843K, capacity 10564K, committed 10624K, reserved 1048576K
}
Event: 23.418 GC heap before
{Heap before GC invocations=51 (full 0):
 garbage-first heap   total 121856K, used 90115K [0x0000000080000000, 0x0000000100000000)
  region size 1024K, 38 young (38912K), 4 survivors (4096K)
 Metaspace       used 76277K, capacity 78223K, committed 78336K, reserved 1116160K
  class space    used 9985K, capacity 10703K, committed 10752K, reserved 1048576K
}
Event: 23.429 GC heap after
{Heap after GC invocations=52 (full 0):
 garbage-first heap   total 121856K, used 58668K [0x0000000080000000, 0x0000000100000000)
  region size 1024K, 5 young (5120K), 5 survivors (5120K)
 Metaspace       used 76277K, capacity 78223K, committed 78336K, reserved 1116160K
  class space    used 9985K, capacity 10703K, committed 10752K, reserved 1048576K
}
Event: 24.415 GC heap before
{Heap before GC invocations=52 (full 0):
 garbage-first heap   total 121856K, used 92460K [0x0000000080000000, 0x0000000100000000)
  region size 1024K, 39 young (39936K), 5 survivors (5120K)
 Metaspace       used 76636K, capacity 78621K, committed 78848K, reserved 1118208K
  class space    used 9988K, capacity 10705K, committed 10752K, reserved 1048576K
}
Event: 24.440 GC heap after
{Heap after GC invocations=53 (full 0):
 garbage-first heap   total 121856K, used 62266K [0x0000000080000000, 0x0000000100000000)
  region size 1024K, 5 young (5120K), 5 survivors (5120K)
 Metaspace       used 76636K, capacity 78621K, committed 78848K, reserved 1118208K
  class space    used 9988K, capacity 10705K, committed 10752K, reserved 1048576K
}
Event: 25.267 GC heap before
{Heap before GC invocations=54 (full 0):
 garbage-first heap   total 121856K, used 91962K [0x0000000080000000, 0x0000000100000000)
  region size 1024K, 35 young (35840K), 5 survivors (5120K)
 Metaspace       used 76723K, capacity 78724K, committed 78848K, reserved 1118208K
  class space    used 9982K, capacity 10693K, committed 10752K, reserved 1048576K
}
Event: 25.332 GC heap after
{Heap after GC invocations=55 (full 0):
 garbage-first heap   total 146432K, used 67091K [0x0000000080000000, 0x0000000100000000)
  region size 1024K, 5 young (5120K), 5 survivors (5120K)
 Metaspace       used 76723K, capacity 78724K, committed 78848K, reserved 1118208K
  class space    used 9982K, capacity 10693K, committed 10752K, reserved 1048576K
}
Event: 26.287 GC heap before
{Heap before GC invocations=56 (full 0):
 garbage-first heap   total 146432K, used 109075K [0x0000000080000000, 0x0000000100000000)
  region size 1024K, 43 young (44032K), 5 survivors (5120K)
 Metaspace       used 76637K, capacity 78509K, committed 79104K, reserved 1118208K
  class space    used 9930K, capacity 10600K, committed 10752K, reserved 1048576K
}
Event: 26.304 GC heap after
{Heap after GC invocations=57 (full 0):
 garbage-first heap   total 146432K, used 76260K [0x0000000080000000, 0x0000000100000000)
  region size 1024K, 6 young (6144K), 6 survivors (6144K)
 Metaspace       used 76637K, capacity 78509K, committed 79104K, reserved 1118208K
  class space    used 9930K, capacity 10600K, committed 10752K, reserved 1048576K
}
Event: 26.985 GC heap before
{Heap before GC invocations=57 (full 0):
 garbage-first heap   total 146432K, used 101860K [0x0000000080000000, 0x0000000100000000)
  region size 1024K, 32 young (32768K), 6 survivors (6144K)
 Metaspace       used 79123K, capacity 81109K, committed 81408K, reserved 1120256K
  class space    used 10174K, capacity 10884K, committed 11008K, reserved 1048576K
}
Event: 27.007 GC heap after
{Heap after GC invocations=58 (full 0):
 garbage-first heap   total 146432K, used 80609K [0x0000000080000000, 0x0000000100000000)
  region size 1024K, 4 young (4096K), 4 survivors (4096K)
 Metaspace       used 79123K, capacity 81109K, committed 81408K, reserved 1120256K
  class space    used 10174K, capacity 10884K, committed 11008K, reserved 1048576K
}
Event: 27.314 GC heap before
{Heap before GC invocations=59 (full 0):
 garbage-first heap   total 146432K, used 98017K [0x0000000080000000, 0x0000000100000000)
  region size 1024K, 15 young (15360K), 4 survivors (4096K)
 Metaspace       used 80361K, capacity 82344K, committed 82560K, reserved 1120256K
  class space    used 10306K, capacity 11012K, committed 11136K, reserved 1048576K
}
Event: 27.328 GC heap after
{Heap after GC invocations=60 (full 0):
 garbage-first heap   total 146432K, used 82545K [0x0000000080000000, 0x0000000100000000)
  region size 1024K, 4 young (4096K), 4 survivors (4096K)
 Metaspace       used 80361K, capacity 82344K, committed 82560K, reserved 1120256K
  class space    used 10306K, capacity 11012K, committed 11136K, reserved 1048576K
}
Event: 27.775 GC heap before
{Heap before GC invocations=61 (full 0):
 garbage-first heap   total 146432K, used 112241K [0x0000000080000000, 0x0000000100000000)
  region size 1024K, 33 young (33792K), 4 survivors (4096K)
 Metaspace       used 80507K, capacity 82536K, committed 82816K, reserved 1120256K
  class space    used 10306K, capacity 11012K, committed 11136K, reserved 1048576K
}
Event: 27.784 GC heap after
{Heap after GC invocations=62 (full 0):
 garbage-first heap   total 189440K, used 84486K [0x0000000080000000, 0x0000000100000000)
  region size 1024K, 1 young (1024K), 1 survivors (1024K)
 Metaspace       used 80507K, capacity 82536K, committed 82816K, reserved 1120256K
  class space    used 10306K, capacity 11012K, committed 11136K, reserved 1048576K
}
Event: 28.527 GC heap before
{Heap before GC invocations=62 (full 0):
 garbage-first heap   total 189440K, used 110086K [0x0000000080000000, 0x0000000100000000)
  region size 1024K, 26 young (26624K), 1 survivors (1024K)
 Metaspace       used 80594K, capacity 82610K, committed 82816K, reserved 1120256K
  class space    used 10311K, capacity 11015K, committed 11136K, reserved 1048576K
}
Event: 28.538 GC heap after
{Heap after GC invocations=63 (full 0):
 garbage-first heap   total 189440K, used 89763K [0x0000000080000000, 0x0000000100000000)
  region size 1024K, 6 young (6144K), 6 survivors (6144K)
 Metaspace       used 80594K, capacity 82610K, committed 82816K, reserved 1120256K
  class space    used 10311K, capacity 11015K, committed 11136K, reserved 1048576K
}
Event: 29.281 GC heap before
{Heap before GC invocations=64 (full 0):
 garbage-first heap   total 189440K, used 147107K [0x0000000080000000, 0x0000000100000000)
  region size 1024K, 49 young (50176K), 6 survivors (6144K)
 Metaspace       used 83905K, capacity 86003K, committed 86144K, reserved 1124352K
  class space    used 10583K, capacity 11308K, committed 11392K, reserved 1048576K
}
Event: 29.299 GC heap after
{Heap after GC invocations=65 (full 0):
 garbage-first heap   total 189440K, used 90579K [0x0000000080000000, 0x0000000100000000)
  region size 1024K, 6 young (6144K), 6 survivors (6144K)
 Metaspace       used 83905K, capacity 86003K, committed 86144K, reserved 1124352K
  class space    used 10583K, capacity 11308K, committed 11392K, reserved 1048576K
}

