# JRE version: OpenJDK Runtime Environment (11.0.8+10) (build 11.0.8+10-b944.6842174)
# Java VM: OpenJDK 64-Bit Server VM (11.0.8+10-b944.6842174, mixed mode, tiered, compressed oops, g1 gc, windows-amd64)
Heap:
 garbage-first heap   total 241664K, used 107928K [0x0000000080000000, 0x0000000100000000)
  region size 1024K, 9 young (9216K), 3 survivors (3072K)
 Metaspace       used 118224K, capacity 120861K, committed 125440K, reserved 1159168K
  class space    used 14261K, capacity 15220K, committed 16128K, reserved 1048576K
GC Heap History (20 events):
Event: 1302.766 GC heap before
{Heap before GC invocations=97 (full 0):
 garbage-first heap   total 241664K, used 128643K [0x0000000080000000, 0x0000000100000000)
  region size 1024K, 11 young (11264K), 7 survivors (7168K)
 Metaspace       used 119790K, capacity 123294K, committed 123392K, reserved 1157120K
  class space    used 14643K, capacity 15807K, committed 15872K, reserved 1048576K
}
Event: 1302.878 GC heap after
{Heap after GC invocations=98 (full 0):
 garbage-first heap   total 241664K, used 112251K [0x0000000080000000, 0x0000000100000000)
  region size 1024K, 2 young (2048K), 2 survivors (2048K)
 Metaspace       used 119790K, capacity 123294K, committed 123392K, reserved 1157120K
  class space    used 14643K, capacity 15807K, committed 15872K, reserved 1048576K
}
Event: 1308.586 GC heap before
{Heap before GC invocations=98 (full 0):
 garbage-first heap   total 241664K, used 177787K [0x0000000080000000, 0x0000000100000000)
  region size 1024K, 67 young (68608K), 2 survivors (2048K)
 Metaspace       used 121218K, capacity 124859K, committed 125184K, reserved 1159168K
  class space    used 14781K, capacity 16030K, committed 16128K, reserved 1048576K
}
Event: 1308.621 GC heap after
{Heap after GC invocations=99 (full 0):
 garbage-first heap   total 241664K, used 114209K [0x0000000080000000, 0x0000000100000000)
  region size 1024K, 4 young (4096K), 4 survivors (4096K)
 Metaspace       used 121218K, capacity 124859K, committed 125184K, reserved 1159168K
  class space    used 14781K, capacity 16030K, committed 16128K, reserved 1048576K
}
Event: 5035.361 GC heap before
{Heap before GC invocations=99 (full 0):
 garbage-first heap   total 241664K, used 189985K [0x0000000080000000, 0x0000000100000000)
  region size 1024K, 79 young (80896K), 4 survivors (4096K)
 Metaspace       used 121415K, capacity 125161K, committed 125440K, reserved 1159168K
  class space    used 14792K, capacity 16040K, committed 16128K, reserved 1048576K
}
Event: 5035.611 GC heap after
{Heap after GC invocations=100 (full 0):
 garbage-first heap   total 241664K, used 113720K [0x0000000080000000, 0x0000000100000000)
  region size 1024K, 3 young (3072K), 3 survivors (3072K)
 Metaspace       used 121415K, capacity 125161K, committed 125440K, reserved 1159168K
  class space    used 14792K, capacity 16040K, committed 16128K, reserved 1048576K
}
Event: 9914.012 GC heap before
{Heap before GC invocations=100 (full 0):
 garbage-first heap   total 241664K, used 197688K [0x0000000080000000, 0x0000000100000000)
  region size 1024K, 86 young (88064K), 3 survivors (3072K)
 Metaspace       used 121423K, capacity 125161K, committed 125440K, reserved 1159168K
  class space    used 14792K, capacity 16040K, committed 16128K, reserved 1048576K
}
Event: 9914.420 GC heap after
{Heap after GC invocations=101 (full 0):
 garbage-first heap   total 241664K, used 113572K [0x0000000080000000, 0x0000000100000000)
  region size 1024K, 3 young (3072K), 3 survivors (3072K)
 Metaspace       used 121423K, capacity 125161K, committed 125440K, reserved 1159168K
  class space    used 14792K, capacity 16040K, committed 16128K, reserved 1048576K
}
Event: 10354.030 GC heap before
{Heap before GC invocations=102 (full 0):
 garbage-first heap   total 241664K, used 121764K [0x0000000080000000, 0x0000000100000000)
  region size 1024K, 11 young (11264K), 3 survivors (3072K)
 Metaspace       used 117757K, capacity 120286K, committed 125440K, reserved 1159168K
  class space    used 14212K, capacity 15131K, committed 16128K, reserved 1048576K
}
Event: 10354.410 GC heap after
{Heap after GC invocations=103 (full 0):
 garbage-first heap   total 241664K, used 113740K [0x0000000080000000, 0x0000000100000000)
  region size 1024K, 1 young (1024K), 1 survivors (1024K)
 Metaspace       used 117757K, capacity 120286K, committed 125440K, reserved 1159168K
  class space    used 14212K, capacity 15131K, committed 16128K, reserved 1048576K
}
Event: 10924.025 GC heap before
{Heap before GC invocations=103 (full 0):
 garbage-first heap   total 241664K, used 123980K [0x0000000080000000, 0x0000000100000000)
  region size 1024K, 11 young (11264K), 1 survivors (1024K)
 Metaspace       used 117757K, capacity 120286K, committed 125440K, reserved 1159168K
  class space    used 14212K, capacity 15131K, committed 16128K, reserved 1048576K
}
Event: 10924.388 GC heap after
{Heap after GC invocations=104 (full 0):
 garbage-first heap   total 241664K, used 105337K [0x0000000080000000, 0x0000000100000000)
  region size 1024K, 1 young (1024K), 1 survivors (1024K)
 Metaspace       used 117757K, capacity 120286K, committed 125440K, reserved 1159168K
  class space    used 14212K, capacity 15131K, committed 16128K, reserved 1048576K
}
Event: 10999.583 GC heap before
{Heap before GC invocations=104 (full 0):
 garbage-first heap   total 241664K, used 115577K [0x0000000080000000, 0x0000000100000000)
  region size 1024K, 11 young (11264K), 1 survivors (1024K)
 Metaspace       used 117921K, capacity 120507K, committed 125440K, reserved 1159168K
  class space    used 14240K, capacity 15184K, committed 16128K, reserved 1048576K
}
Event: 11000.134 GC heap after
{Heap after GC invocations=105 (full 0):
 garbage-first heap   total 241664K, used 102342K [0x0000000080000000, 0x0000000100000000)
  region size 1024K, 2 young (2048K), 2 survivors (2048K)
 Metaspace       used 117921K, capacity 120507K, committed 125440K, reserved 1159168K
  class space    used 14240K, capacity 15184K, committed 16128K, reserved 1048576K
}
Event: 11001.479 GC heap before
{Heap before GC invocations=105 (full 0):
 garbage-first heap   total 241664K, used 111558K [0x0000000080000000, 0x0000000100000000)
  region size 1024K, 11 young (11264K), 2 survivors (2048K)
 Metaspace       used 117929K, capacity 120507K, committed 125440K, reserved 1159168K
  class space    used 14240K, capacity 15184K, committed 16128K, reserved 1048576K
}
Event: 11001.712 GC heap after
{Heap after GC invocations=106 (full 0):
 garbage-first heap   total 241664K, used 98851K [0x0000000080000000, 0x0000000100000000)
  region size 1024K, 1 young (1024K), 1 survivors (1024K)
 Metaspace       used 117929K, capacity 120507K, committed 125440K, reserved 1159168K
  class space    used 14240K, capacity 15184K, committed 16128K, reserved 1048576K
}
Event: 11003.841 GC heap before
{Heap before GC invocations=106 (full 0):
 garbage-first heap   total 241664K, used 109091K [0x0000000080000000, 0x0000000100000000)
  region size 1024K, 11 young (11264K), 1 survivors (1024K)
 Metaspace       used 118063K, capacity 120674K, committed 125440K, reserved 1159168K
  class space    used 14250K, capacity 15201K, committed 16128K, reserved 1048576K
}
Event: 11003.931 GC heap after
{Heap after GC invocations=107 (full 0):
 garbage-first heap   total 241664K, used 100352K [0x0000000080000000, 0x0000000100000000)
  region size 1024K, 2 young (2048K), 2 survivors (2048K)
 Metaspace       used 118063K, capacity 120674K, committed 125440K, reserved 1159168K
  class space    used 14250K, capacity 15201K, committed 16128K, reserved 1048576K
}
Event: 11005.929 GC heap before
{Heap before GC invocations=107 (full 0):
 garbage-first heap   total 241664K, used 116736K [0x0000000080000000, 0x0000000100000000)
  region size 1024K, 19 young (19456K), 2 survivors (2048K)
 Metaspace       used 118223K, capacity 120861K, committed 125440K, reserved 1159168K
  class space    used 14261K, capacity 15220K, committed 16128K, reserved 1048576K
}
Event: 11005.999 GC heap after
{Heap after GC invocations=108 (full 0):
 garbage-first heap   total 241664K, used 102808K [0x0000000080000000, 0x0000000100000000)
  region size 1024K, 3 young (3072K), 3 survivors (3072K)
 Metaspace       used 118223K, capacity 120861K, committed 125440K, reserved 1159168K
  class space    used 14261K, capacity 15220K, committed 16128K, reserved 1048576K
}

